mode: set
chirpy/badword_filter.go:7.40,15.34 4 1
chirpy/badword_filter.go:15.34,17.35 2 1
chirpy/badword_filter.go:17.35,18.39 1 1
chirpy/badword_filter.go:18.39,21.5 2 1
chirpy/badword_filter.go:23.3,23.20 1 1
chirpy/badword_filter.go:23.20,24.12 1 1
chirpy/badword_filter.go:26.3,26.40 1 1
chirpy/badword_filter.go:29.2,29.38 1 1
chirpy/chirps.go:32.82,37.16 4 0
chirpy/chirps.go:37.16,40.3 2 0
chirpy/chirps.go:42.2,43.16 2 0
chirpy/chirps.go:43.16,47.3 3 0
chirpy/chirps.go:49.2,50.16 2 0
chirpy/chirps.go:50.16,55.3 3 0
chirpy/chirps.go:58.2,59.41 2 0
chirpy/chirps.go:59.41,62.3 2 0
chirpy/chirps.go:64.2,72.16 3 0
chirpy/chirps.go:72.16,76.3 3 0
chirpy/chirps.go:78.2,86.52 2 0
chirpy/chirps.go:89.83,94.16 3 0
chirpy/chirps.go:94.16,97.3 2 0
chirpy/chirps.go:99.2,99.34 1 0
chirpy/chirps.go:99.34,109.4 1 0
chirpy/chirps.go:111.2,111.43 1 0
chirpy/chirps.go:114.85,118.16 3 0
chirpy/chirps.go:118.16,121.3 2 0
chirpy/chirps.go:123.2,124.16 2 0
chirpy/chirps.go:124.16,127.3 2 0
chirpy/chirps.go:129.2,137.43 2 0
chirpy/json.go:9.68,20.16 4 0
chirpy/json.go:20.16,24.3 3 0
chirpy/json.go:26.2,28.14 3 0
chirpy/json.go:32.76,35.16 2 0
chirpy/json.go:35.16,39.3 3 0
chirpy/json.go:41.2,43.22 3 0
chirpy/main.go:27.12,32.16 4 0
chirpy/main.go:32.16,34.3 1 0
chirpy/main.go:36.2,40.16 4 0
chirpy/main.go:40.16,42.3 1 0
chirpy/main.go:43.2,73.45 17 0
chirpy/main.go:73.45,75.3 1 0
chirpy/metrics.go:11.76,12.71 1 0
chirpy/metrics.go:12.71,15.3 2 0
chirpy/metrics.go:18.80,31.2 4 0
chirpy/metrics.go:33.78,34.27 1 0
chirpy/metrics.go:34.27,36.3 1 0
chirpy/metrics.go:38.2,38.64 1 0
chirpy/metrics.go:38.64,40.3 1 0
chirpy/readiness.go:5.65,9.2 3 0
chirpy/users.go:30.83,35.16 4 0
chirpy/users.go:35.16,38.3 2 0
chirpy/users.go:40.2,41.16 2 0
chirpy/users.go:41.16,43.3 1 0
chirpy/users.go:47.2,53.16 2 0
chirpy/users.go:53.16,56.3 2 0
chirpy/users.go:58.2,67.49 3 0
chirpy/users.go:70.82,76.16 5 0
chirpy/users.go:76.16,79.3 2 0
chirpy/users.go:81.2,81.51 1 0
chirpy/users.go:81.51,83.3 1 0
chirpy/users.go:85.2,86.16 2 0
chirpy/users.go:86.16,89.3 2 0
chirpy/users.go:91.2,92.16 2 0
chirpy/users.go:92.16,95.3 2 0
chirpy/users.go:97.2,97.14 1 0
chirpy/users.go:97.14,100.3 2 0
chirpy/users.go:102.2,112.47 3 0
chirpy/users.go:115.39,116.70 1 0
chirpy/users.go:116.70,118.3 1 0
chirpy/users.go:121.38,127.2 1 0
